12/03/2025 3:22:57.836 PM - DEBUG - [INIT] Loading specs from directory: D:\prod\simple_gui_designer\specs
12/03/2025 3:22:58.157 PM - DEBUG - [INIT] Directory exists, creating JSON parser
12/03/2025 3:22:58.158 PM - DEBUG - [INIT] JSON parser created, iterating files
12/03/2025 3:22:58.204 PM - DEBUG - [INIT] Checking file: .
12/03/2025 3:22:58.239 PM - DEBUG - [INIT] Checking file: ..
12/03/2025 3:22:58.239 PM - DEBUG - [INIT] Checking file: todo_app.json
12/03/2025 3:22:58.266 PM - DEBUG - [INIT] Attempting to parse: D:\prod\simple_gui_designer\specs/todo_app.json
12/03/2025 3:22:58.319 PM - DEBUG - [INIT] Parse complete, checking result
12/03/2025 3:22:58.324 PM - DEBUG - [INIT] Parsed attached, checking is_object
12/03/2025 3:22:58.325 PM - DEBUG - [INIT] Is object, getting as_object
12/03/2025 3:22:58.325 PM - DEBUG - [INIT] Got object, checking keys
12/03/2025 3:22:58.327 PM - DEBUG - [INIT] Has app key, calling load_spec_from_json
12/03/2025 3:22:58.716 PM - INFO  - [SPEC] Loaded 'todo_app' from todo_app.json
12/03/2025 3:22:58.717 PM - DEBUG - [SPEC] todo_app has 5 screens
12/03/2025 3:22:58.717 PM - DEBUG - [INIT] Checking file: todo_app_spec.json
12/03/2025 3:22:58.718 PM - DEBUG - [INIT] Attempting to parse: D:\prod\simple_gui_designer\specs/todo_app_spec.json
12/03/2025 3:22:58.737 PM - DEBUG - [INIT] Parse complete, checking result
12/03/2025 3:22:58.738 PM - DEBUG - [INIT] Parsed attached, checking is_object
12/03/2025 3:22:58.739 PM - DEBUG - [INIT] Is object, getting as_object
12/03/2025 3:22:58.739 PM - DEBUG - [INIT] Got object, checking keys
12/03/2025 3:22:58.741 PM - DEBUG - [INIT] Has app key, calling load_spec_from_json
12/03/2025 3:22:59.032 PM - INFO  - [SPEC] Loaded 'todo_app' from todo_app_spec.json
12/03/2025 3:22:59.032 PM - DEBUG - [SPEC] todo_app has 4 screens
12/03/2025 3:22:59.036 PM - INFO  - [SERVER] Starting on port 8080 with 1 specs loaded
12/03/2025 3:22:59.036 PM - INFO  - [SERVER] Open http://localhost:8080 in your browser
12/03/2025 3:23:31.353 PM - INFO  - [REQUEST] GET /htmx/canvas/todo_app/todo_list
12/03/2025 3:23:31.354 PM - DEBUG - [CANVAS] Rendering screen 'todo_list' with 7 controls
12/03/2025 3:23:31.355 PM - DEBUG - [CANVAS] Rendering control page_heading at row=1 col=1 span=8
12/03/2025 3:23:31.356 PM - DEBUG - [CANVAS] Rendering control stats_display at row=1 col=9 span=4
12/03/2025 3:23:31.356 PM - DEBUG - [CANVAS] Rendering control add_button at row=2 col=1 span=2
12/03/2025 3:23:31.358 PM - DEBUG - [CANVAS] Rendering control filter_dropdown at row=2 col=3 span=3
12/03/2025 3:23:31.358 PM - DEBUG - [CANVAS] Rendering control search_field at row=2 col=7 span=4
12/03/2025 3:23:31.359 PM - DEBUG - [CANVAS] Rendering control clear_completed_button at row=2 col=11 span=2
12/03/2025 3:23:31.360 PM - DEBUG - [CANVAS] Rendering control todo_table at row=3 col=1 span=12
